{"C:\\Users\\mason\\git\\scurry\\middleware.js": {"path":"C:\\Users\\mason\\git\\scurry\\middleware.js","statementMap":{"0":{"start":{"line":7,"column":31},"end":{"line":7,"column":46}},"1":{"start":{"line":9,"column":2},"end":{"line":11,"column":3}},"2":{"start":{"line":9,"column":32},"end":{"line":9,"column":54}},"3":{"start":{"line":10,"column":4},"end":{"line":10,"column":31}},"4":{"start":{"line":13,"column":2},"end":{"line":15,"column":3}},"5":{"start":{"line":14,"column":4},"end":{"line":14,"column":31}},"6":{"start":{"line":16,"column":18},"end":{"line":16,"column":60}},"7":{"start":{"line":17,"column":2},"end":{"line":28,"column":3}},"8":{"start":{"line":18,"column":16},"end":{"line":18,"column":39}},"9":{"start":{"line":19,"column":4},"end":{"line":19,"column":28}},"10":{"start":{"line":21,"column":4},"end":{"line":21,"column":20}},"11":{"start":{"line":23,"column":4},"end":{"line":26,"column":5}},"12":{"start":{"line":24,"column":26},"end":{"line":24,"column":43}},"13":{"start":{"line":25,"column":6},"end":{"line":25,"column":52}},"14":{"start":{"line":27,"column":4},"end":{"line":27,"column":38}},"15":{"start":{"line":29,"column":2},"end":{"line":29,"column":29}},"16":{"start":{"line":32,"column":22},"end":{"line":34,"column":1}}},"fnMap":{"0":{"name":"middleware","decl":{"start":{"line":6,"column":16},"end":{"line":6,"column":26}},"loc":{"start":{"line":6,"column":36},"end":{"line":30,"column":1}},"line":6},"1":{"name":"(anonymous_1)","decl":{"start":{"line":9,"column":25},"end":{"line":9,"column":26}},"loc":{"start":{"line":9,"column":32},"end":{"line":9,"column":54}},"line":9}},"branchMap":{"0":{"loc":{"start":{"line":9,"column":2},"end":{"line":11,"column":3}},"type":"if","locations":[{"start":{"line":9,"column":2},"end":{"line":11,"column":3}},{"start":{},"end":{}}],"line":9},"1":{"loc":{"start":{"line":13,"column":2},"end":{"line":15,"column":3}},"type":"if","locations":[{"start":{"line":13,"column":2},"end":{"line":15,"column":3}},{"start":{},"end":{}}],"line":13},"2":{"loc":{"start":{"line":17,"column":2},"end":{"line":28,"column":3}},"type":"if","locations":[{"start":{"line":17,"column":2},"end":{"line":28,"column":3}},{"start":{},"end":{}}],"line":17},"3":{"loc":{"start":{"line":23,"column":4},"end":{"line":26,"column":5}},"type":"if","locations":[{"start":{"line":23,"column":4},"end":{"line":26,"column":5}},{"start":{},"end":{}}],"line":23},"4":{"loc":{"start":{"line":23,"column":8},"end":{"line":23,"column":34}},"type":"binary-expr","locations":[{"start":{"line":23,"column":8},"end":{"line":23,"column":24}},{"start":{"line":23,"column":28},"end":{"line":23,"column":34}}],"line":23}},"s":{"0":10,"1":10,"2":40,"3":5,"4":5,"5":1,"6":4,"7":4,"8":3,"9":3,"10":3,"11":3,"12":2,"13":2,"14":3,"15":1,"16":1},"f":{"0":10,"1":40},"b":{"0":[5,5],"1":[1,4],"2":[3,1],"3":[2,1],"4":[3,2]},"_coverageSchema":"1a1c01bbd47fc00a2c39e90264f33305004495a9","hash":"5362faf2cc4942a121311690b541d0c9e62cc7d5"}
,"C:\\Users\\mason\\git\\scurry\\app\\api\\add\\route.js": {"path":"C:\\Users\\mason\\git\\scurry\\app\\api\\add\\route.js","statementMap":{"0":{"start":{"line":5,"column":23},"end":{"line":5,"column":31}},"1":{"start":{"line":6,"column":23},"end":{"line":6,"column":38}},"2":{"start":{"line":9,"column":15},"end":{"line":9,"column":31}},"3":{"start":{"line":10,"column":16},"end":{"line":10,"column":26}},"4":{"start":{"line":11,"column":22},"end":{"line":11,"column":38}},"5":{"start":{"line":12,"column":19},"end":{"line":12,"column":53}},"6":{"start":{"line":13,"column":2},"end":{"line":15,"column":3}},"7":{"start":{"line":14,"column":4},"end":{"line":14,"column":104}},"8":{"start":{"line":16,"column":2},"end":{"line":25,"column":3}},"9":{"start":{"line":17,"column":19},"end":{"line":17,"column":76}},"10":{"start":{"line":19,"column":4},"end":{"line":19,"column":64}},"11":{"start":{"line":20,"column":4},"end":{"line":20,"column":64}},"12":{"start":{"line":21,"column":4},"end":{"line":21,"column":43}},"13":{"start":{"line":23,"column":4},"end":{"line":23,"column":99}},"14":{"start":{"line":24,"column":4},"end":{"line":24,"column":98}}},"fnMap":{"0":{"name":"POST","decl":{"start":{"line":8,"column":22},"end":{"line":8,"column":26}},"loc":{"start":{"line":8,"column":32},"end":{"line":26,"column":1}},"line":8}},"branchMap":{"0":{"loc":{"start":{"line":12,"column":19},"end":{"line":12,"column":53}},"type":"binary-expr","locations":[{"start":{"line":12,"column":19},"end":{"line":12,"column":32}},{"start":{"line":12,"column":36},"end":{"line":12,"column":53}}],"line":12},"1":{"loc":{"start":{"line":13,"column":2},"end":{"line":15,"column":3}},"type":"if","locations":[{"start":{"line":13,"column":2},"end":{"line":15,"column":3}},{"start":{},"end":{}}],"line":13},"2":{"loc":{"start":{"line":23,"column":76},"end":{"line":23,"column":95}},"type":"binary-expr","locations":[{"start":{"line":23,"column":76},"end":{"line":23,"column":88}},{"start":{"line":23,"column":92},"end":{"line":23,"column":95}}],"line":23},"3":{"loc":{"start":{"line":24,"column":49},"end":{"line":24,"column":77}},"type":"binary-expr","locations":[{"start":{"line":24,"column":49},"end":{"line":24,"column":61}},{"start":{"line":24,"column":65},"end":{"line":24,"column":77}}],"line":24}},"s":{"0":1,"1":1,"2":3,"3":3,"4":3,"5":3,"6":3,"7":1,"8":2,"9":2,"10":2,"11":1,"12":1,"13":1,"14":1},"f":{"0":3},"b":{"0":[3,1],"1":[1,2],"2":[1,0],"3":[1,0]},"_coverageSchema":"1a1c01bbd47fc00a2c39e90264f33305004495a9","hash":"6e068679d57f0f88af314210a56459f996e483a1"}
,"C:\\Users\\mason\\git\\scurry\\app\\api\\health\\route.js": {"path":"C:\\Users\\mason\\git\\scurry\\app\\api\\health\\route.js","statementMap":{"0":{"start":{"line":3,"column":2},"end":{"line":3,"column":45}}},"fnMap":{"0":{"name":"GET","decl":{"start":{"line":2,"column":22},"end":{"line":2,"column":25}},"loc":{"start":{"line":2,"column":28},"end":{"line":4,"column":1}},"line":2}},"branchMap":{},"s":{"0":1},"f":{"0":1},"b":{},"_coverageSchema":"1a1c01bbd47fc00a2c39e90264f33305004495a9","hash":"e565b13c40299c624c1ecd01fc4c5f207b26ca55"}
,"C:\\Users\\mason\\git\\scurry\\app\\api\\login\\route.js": {"path":"C:\\Users\\mason\\git\\scurry\\app\\api\\login\\route.js","statementMap":{"0":{"start":{"line":6,"column":23},"end":{"line":6,"column":41}},"1":{"start":{"line":9,"column":23},"end":{"line":9,"column":39}},"2":{"start":{"line":10,"column":2},"end":{"line":12,"column":3}},"3":{"start":{"line":11,"column":4},"end":{"line":11,"column":79}},"4":{"start":{"line":13,"column":2},"end":{"line":15,"column":3}},"5":{"start":{"line":14,"column":4},"end":{"line":14,"column":78}},"6":{"start":{"line":17,"column":14},"end":{"line":17,"column":50}},"7":{"start":{"line":18,"column":2},"end":{"line":24,"column":5}},"8":{"start":{"line":25,"column":2},"end":{"line":25,"column":13}}},"fnMap":{"0":{"name":"POST","decl":{"start":{"line":8,"column":22},"end":{"line":8,"column":26}},"loc":{"start":{"line":8,"column":32},"end":{"line":26,"column":1}},"line":8}},"branchMap":{"0":{"loc":{"start":{"line":10,"column":2},"end":{"line":12,"column":3}},"type":"if","locations":[{"start":{"line":10,"column":2},"end":{"line":12,"column":3}},{"start":{},"end":{}}],"line":10},"1":{"loc":{"start":{"line":13,"column":2},"end":{"line":15,"column":3}},"type":"if","locations":[{"start":{"line":13,"column":2},"end":{"line":15,"column":3}},{"start":{},"end":{}}],"line":13}},"s":{"0":1,"1":3,"2":3,"3":1,"4":2,"5":1,"6":1,"7":1,"8":1},"f":{"0":3},"b":{"0":[1,2],"1":[1,1]},"_coverageSchema":"1a1c01bbd47fc00a2c39e90264f33305004495a9","hash":"59c9db974346fb272e2f6993ccb73fe2ebe35197"}
,"C:\\Users\\mason\\git\\scurry\\app\\api\\logout\\route.js": {"path":"C:\\Users\\mason\\git\\scurry\\app\\api\\logout\\route.js","statementMap":{"0":{"start":{"line":7,"column":14},"end":{"line":7,"column":50}},"1":{"start":{"line":8,"column":2},"end":{"line":14,"column":5}},"2":{"start":{"line":15,"column":2},"end":{"line":15,"column":13}}},"fnMap":{"0":{"name":"POST","decl":{"start":{"line":6,"column":22},"end":{"line":6,"column":26}},"loc":{"start":{"line":6,"column":29},"end":{"line":16,"column":1}},"line":6}},"branchMap":{},"s":{"0":1,"1":1,"2":1},"f":{"0":1},"b":{},"_coverageSchema":"1a1c01bbd47fc00a2c39e90264f33305004495a9","hash":"fddbbd66946733a6b17f354092f3b87c7bd53fde"}
,"C:\\Users\\mason\\git\\scurry\\app\\api\\mam-token\\route.js": {"path":"C:\\Users\\mason\\git\\scurry\\app\\api\\mam-token\\route.js","statementMap":{"0":{"start":{"line":7,"column":23},"end":{"line":7,"column":31}},"1":{"start":{"line":8,"column":23},"end":{"line":8,"column":38}},"2":{"start":{"line":12,"column":2},"end":{"line":46,"column":3}},"3":{"start":{"line":13,"column":19},"end":{"line":13,"column":48}},"4":{"start":{"line":15,"column":4},"end":{"line":21,"column":5}},"5":{"start":{"line":16,"column":6},"end":{"line":20,"column":9}},"6":{"start":{"line":23,"column":22},"end":{"line":23,"column":68}},"7":{"start":{"line":26,"column":24},"end":{"line":28,"column":37}},"8":{"start":{"line":30,"column":4},"end":{"line":35,"column":7}},"9":{"start":{"line":37,"column":4},"end":{"line":37,"column":64}},"10":{"start":{"line":38,"column":4},"end":{"line":45,"column":6}},"11":{"start":{"line":51,"column":2},"end":{"line":105,"column":3}},"12":{"start":{"line":52,"column":17},"end":{"line":52,"column":33}},"13":{"start":{"line":53,"column":22},"end":{"line":53,"column":26}},"14":{"start":{"line":55,"column":4},"end":{"line":60,"column":5}},"15":{"start":{"line":56,"column":6},"end":{"line":59,"column":8}},"16":{"start":{"line":62,"column":25},"end":{"line":62,"column":37}},"17":{"start":{"line":64,"column":4},"end":{"line":69,"column":5}},"18":{"start":{"line":65,"column":6},"end":{"line":68,"column":8}},"19":{"start":{"line":72,"column":4},"end":{"line":80,"column":5}},"20":{"start":{"line":73,"column":6},"end":{"line":79,"column":8}},"21":{"start":{"line":83,"column":21},"end":{"line":83,"column":49}},"22":{"start":{"line":84,"column":4},"end":{"line":86,"column":5}},"23":{"start":{"line":85,"column":6},"end":{"line":85,"column":50}},"24":{"start":{"line":89,"column":4},"end":{"line":89,"column":59}},"25":{"start":{"line":91,"column":4},"end":{"line":91,"column":74}},"26":{"start":{"line":93,"column":4},"end":{"line":98,"column":7}},"27":{"start":{"line":100,"column":4},"end":{"line":100,"column":65}},"28":{"start":{"line":101,"column":4},"end":{"line":104,"column":6}},"29":{"start":{"line":110,"column":2},"end":{"line":127,"column":3}},"30":{"start":{"line":111,"column":4},"end":{"line":114,"column":5}},"31":{"start":{"line":112,"column":6},"end":{"line":112,"column":36}},"32":{"start":{"line":113,"column":6},"end":{"line":113,"column":76}},"33":{"start":{"line":116,"column":4},"end":{"line":120,"column":7}},"34":{"start":{"line":122,"column":4},"end":{"line":122,"column":66}},"35":{"start":{"line":123,"column":4},"end":{"line":126,"column":6}}},"fnMap":{"0":{"name":"GET","decl":{"start":{"line":11,"column":22},"end":{"line":11,"column":25}},"loc":{"start":{"line":11,"column":28},"end":{"line":47,"column":1}},"line":11},"1":{"name":"POST","decl":{"start":{"line":50,"column":22},"end":{"line":50,"column":26}},"loc":{"start":{"line":50,"column":32},"end":{"line":106,"column":1}},"line":50},"2":{"name":"DELETE","decl":{"start":{"line":109,"column":22},"end":{"line":109,"column":28}},"loc":{"start":{"line":109,"column":31},"end":{"line":128,"column":1}},"line":109}},"branchMap":{"0":{"loc":{"start":{"line":15,"column":4},"end":{"line":21,"column":5}},"type":"if","locations":[{"start":{"line":15,"column":4},"end":{"line":21,"column":5}},{"start":{},"end":{}}],"line":15},"1":{"loc":{"start":{"line":26,"column":24},"end":{"line":28,"column":37}},"type":"cond-expr","locations":[{"start":{"line":27,"column":8},"end":{"line":27,"column":51}},{"start":{"line":28,"column":8},"end":{"line":28,"column":37}}],"line":26},"2":{"loc":{"start":{"line":28,"column":8},"end":{"line":28,"column":37}},"type":"cond-expr","locations":[{"start":{"line":28,"column":27},"end":{"line":28,"column":32}},{"start":{"line":28,"column":35},"end":{"line":28,"column":37}}],"line":28},"3":{"loc":{"start":{"line":55,"column":4},"end":{"line":60,"column":5}},"type":"if","locations":[{"start":{"line":55,"column":4},"end":{"line":60,"column":5}},{"start":{},"end":{}}],"line":55},"4":{"loc":{"start":{"line":55,"column":8},"end":{"line":55,"column":43}},"type":"binary-expr","locations":[{"start":{"line":55,"column":8},"end":{"line":55,"column":14}},{"start":{"line":55,"column":18},"end":{"line":55,"column":43}}],"line":55},"5":{"loc":{"start":{"line":64,"column":4},"end":{"line":69,"column":5}},"type":"if","locations":[{"start":{"line":64,"column":4},"end":{"line":69,"column":5}},{"start":{},"end":{}}],"line":64},"6":{"loc":{"start":{"line":72,"column":4},"end":{"line":80,"column":5}},"type":"if","locations":[{"start":{"line":72,"column":4},"end":{"line":80,"column":5}},{"start":{},"end":{}}],"line":72},"7":{"loc":{"start":{"line":84,"column":4},"end":{"line":86,"column":5}},"type":"if","locations":[{"start":{"line":84,"column":4},"end":{"line":86,"column":5}},{"start":{},"end":{}}],"line":84},"8":{"loc":{"start":{"line":111,"column":4},"end":{"line":114,"column":5}},"type":"if","locations":[{"start":{"line":111,"column":4},"end":{"line":114,"column":5}},{"start":{},"end":{}}],"line":111}},"s":{"0":1,"1":1,"2":3,"3":3,"4":2,"5":1,"6":1,"7":1,"8":1,"9":1,"10":1,"11":4,"12":4,"13":4,"14":4,"15":1,"16":3,"17":3,"18":1,"19":2,"20":1,"21":1,"22":1,"23":0,"24":1,"25":1,"26":1,"27":0,"28":0,"29":2,"30":2,"31":1,"32":1,"33":2,"34":0,"35":0},"f":{"0":3,"1":4,"2":2},"b":{"0":[1,1],"1":[1,0],"2":[0,0],"3":[1,3],"4":[4,3],"5":[1,2],"6":[1,1],"7":[0,1],"8":[1,1]},"_coverageSchema":"1a1c01bbd47fc00a2c39e90264f33305004495a9","hash":"dec3313deefb61be1c82a066e6e6881b92a2598d"}
,"C:\\Users\\mason\\git\\scurry\\app\\api\\search\\route.js": {"path":"C:\\Users\\mason\\git\\scurry\\app\\api\\search\\route.js","statementMap":{"0":{"start":{"line":6,"column":23},"end":{"line":6,"column":31}},"1":{"start":{"line":7,"column":23},"end":{"line":7,"column":38}},"2":{"start":{"line":10,"column":27},"end":{"line":10,"column":43}},"3":{"start":{"line":11,"column":12},"end":{"line":11,"column":48}},"4":{"start":{"line":12,"column":19},"end":{"line":12,"column":58}},"5":{"start":{"line":14,"column":2},"end":{"line":14,"column":52}},"6":{"start":{"line":14,"column":10},"end":{"line":14,"column":52}},"7":{"start":{"line":17,"column":21},"end":{"line":17,"column":97}},"8":{"start":{"line":19,"column":16},"end":{"line":19,"column":30}},"9":{"start":{"line":21,"column":14},"end":{"line":32,"column":4}},"10":{"start":{"line":34,"column":2},"end":{"line":54,"column":3}},"11":{"start":{"line":35,"column":17},"end":{"line":35,"column":49}},"12":{"start":{"line":35,"column":46},"end":{"line":35,"column":48}},"13":{"start":{"line":38,"column":4},"end":{"line":48,"column":5}},"14":{"start":{"line":39,"column":6},"end":{"line":39,"column":45}},"15":{"start":{"line":40,"column":6},"end":{"line":47,"column":8}},"16":{"start":{"line":50,"column":4},"end":{"line":53,"column":6}},"17":{"start":{"line":57,"column":2},"end":{"line":74,"column":3}},"18":{"start":{"line":58,"column":4},"end":{"line":58,"column":28}},"19":{"start":{"line":61,"column":17},"end":{"line":61,"column":49}},"20":{"start":{"line":61,"column":46},"end":{"line":61,"column":48}},"21":{"start":{"line":62,"column":4},"end":{"line":72,"column":5}},"22":{"start":{"line":63,"column":6},"end":{"line":63,"column":83}},"23":{"start":{"line":64,"column":6},"end":{"line":71,"column":8}},"24":{"start":{"line":73,"column":4},"end":{"line":73,"column":100}},"25":{"start":{"line":77,"column":2},"end":{"line":80,"column":3}},"26":{"start":{"line":78,"column":4},"end":{"line":78,"column":64}},"27":{"start":{"line":79,"column":4},"end":{"line":79,"column":63}},"28":{"start":{"line":83,"column":18},"end":{"line":97,"column":5}},"29":{"start":{"line":83,"column":41},"end":{"line":97,"column":3}},"30":{"start":{"line":99,"column":2},"end":{"line":99,"column":85}},"31":{"start":{"line":101,"column":2},"end":{"line":101,"column":40}}},"fnMap":{"0":{"name":"GET","decl":{"start":{"line":9,"column":22},"end":{"line":9,"column":25}},"loc":{"start":{"line":9,"column":31},"end":{"line":102,"column":1}},"line":9},"1":{"name":"(anonymous_1)","decl":{"start":{"line":35,"column":40},"end":{"line":35,"column":41}},"loc":{"start":{"line":35,"column":46},"end":{"line":35,"column":48}},"line":35},"2":{"name":"(anonymous_2)","decl":{"start":{"line":61,"column":40},"end":{"line":61,"column":41}},"loc":{"start":{"line":61,"column":46},"end":{"line":61,"column":48}},"line":61},"3":{"name":"(anonymous_3)","decl":{"start":{"line":83,"column":32},"end":{"line":83,"column":33}},"loc":{"start":{"line":83,"column":41},"end":{"line":97,"column":3}},"line":83}},"branchMap":{"0":{"loc":{"start":{"line":11,"column":13},"end":{"line":11,"column":40}},"type":"binary-expr","locations":[{"start":{"line":11,"column":13},"end":{"line":11,"column":34}},{"start":{"line":11,"column":38},"end":{"line":11,"column":40}}],"line":11},"1":{"loc":{"start":{"line":12,"column":19},"end":{"line":12,"column":58}},"type":"binary-expr","locations":[{"start":{"line":12,"column":19},"end":{"line":12,"column":47}},{"start":{"line":12,"column":51},"end":{"line":12,"column":58}}],"line":12},"2":{"loc":{"start":{"line":14,"column":2},"end":{"line":14,"column":52}},"type":"if","locations":[{"start":{"line":14,"column":2},"end":{"line":14,"column":52}},{"start":{},"end":{}}],"line":14},"3":{"loc":{"start":{"line":17,"column":21},"end":{"line":17,"column":97}},"type":"cond-expr","locations":[{"start":{"line":17,"column":49},"end":{"line":17,"column":74}},{"start":{"line":17,"column":77},"end":{"line":17,"column":97}}],"line":17},"4":{"loc":{"start":{"line":34,"column":2},"end":{"line":54,"column":3}},"type":"if","locations":[{"start":{"line":34,"column":2},"end":{"line":54,"column":3}},{"start":{},"end":{}}],"line":34},"5":{"loc":{"start":{"line":38,"column":4},"end":{"line":48,"column":5}},"type":"if","locations":[{"start":{"line":38,"column":4},"end":{"line":48,"column":5}},{"start":{},"end":{}}],"line":38},"6":{"loc":{"start":{"line":38,"column":8},"end":{"line":38,"column":82}},"type":"binary-expr","locations":[{"start":{"line":38,"column":8},"end":{"line":38,"column":26}},{"start":{"line":38,"column":30},"end":{"line":38,"column":82}}],"line":38},"7":{"loc":{"start":{"line":62,"column":4},"end":{"line":72,"column":5}},"type":"if","locations":[{"start":{"line":62,"column":4},"end":{"line":72,"column":5}},{"start":{},"end":{}}],"line":62},"8":{"loc":{"start":{"line":62,"column":8},"end":{"line":62,"column":87}},"type":"binary-expr","locations":[{"start":{"line":62,"column":8},"end":{"line":62,"column":43}},{"start":{"line":62,"column":47},"end":{"line":62,"column":87}}],"line":62},"9":{"loc":{"start":{"line":77,"column":2},"end":{"line":80,"column":3}},"type":"if","locations":[{"start":{"line":77,"column":2},"end":{"line":80,"column":3}},{"start":{},"end":{}}],"line":77},"10":{"loc":{"start":{"line":84,"column":8},"end":{"line":84,"column":23}},"type":"binary-expr","locations":[{"start":{"line":84,"column":8},"end":{"line":84,"column":15}},{"start":{"line":84,"column":19},"end":{"line":84,"column":23}}],"line":84},"11":{"loc":{"start":{"line":85,"column":11},"end":{"line":85,"column":27}},"type":"binary-expr","locations":[{"start":{"line":85,"column":11},"end":{"line":85,"column":21}},{"start":{"line":85,"column":25},"end":{"line":85,"column":27}}],"line":85},"12":{"loc":{"start":{"line":86,"column":10},"end":{"line":86,"column":25}},"type":"binary-expr","locations":[{"start":{"line":86,"column":10},"end":{"line":86,"column":19}},{"start":{"line":86,"column":23},"end":{"line":86,"column":25}}],"line":86},"13":{"loc":{"start":{"line":87,"column":15},"end":{"line":87,"column":34}},"type":"binary-expr","locations":[{"start":{"line":87,"column":15},"end":{"line":87,"column":28}},{"start":{"line":87,"column":32},"end":{"line":87,"column":34}}],"line":87},"14":{"loc":{"start":{"line":88,"column":15},"end":{"line":88,"column":31}},"type":"binary-expr","locations":[{"start":{"line":88,"column":15},"end":{"line":88,"column":25}},{"start":{"line":88,"column":29},"end":{"line":88,"column":31}}],"line":88},"15":{"loc":{"start":{"line":92,"column":36},"end":{"line":92,"column":53}},"type":"binary-expr","locations":[{"start":{"line":92,"column":36},"end":{"line":92,"column":48}},{"start":{"line":92,"column":52},"end":{"line":92,"column":53}}],"line":92},"16":{"loc":{"start":{"line":93,"column":37},"end":{"line":93,"column":55}},"type":"binary-expr","locations":[{"start":{"line":93,"column":37},"end":{"line":93,"column":50}},{"start":{"line":93,"column":54},"end":{"line":93,"column":55}}],"line":93},"17":{"loc":{"start":{"line":94,"column":38},"end":{"line":94,"column":63}},"type":"binary-expr","locations":[{"start":{"line":94,"column":38},"end":{"line":94,"column":58}},{"start":{"line":94,"column":62},"end":{"line":94,"column":63}}],"line":94},"18":{"loc":{"start":{"line":95,"column":37},"end":{"line":95,"column":50}},"type":"binary-expr","locations":[{"start":{"line":95,"column":37},"end":{"line":95,"column":44}},{"start":{"line":95,"column":48},"end":{"line":95,"column":50}}],"line":95},"19":{"loc":{"start":{"line":96,"column":36},"end":{"line":96,"column":49}},"type":"binary-expr","locations":[{"start":{"line":96,"column":36},"end":{"line":96,"column":43}},{"start":{"line":96,"column":47},"end":{"line":96,"column":49}}],"line":96}},"s":{"0":1,"1":1,"2":8,"3":8,"4":8,"5":8,"6":1,"7":7,"8":7,"9":7,"10":7,"11":3,"12":0,"13":3,"14":2,"15":2,"16":1,"17":4,"18":4,"19":3,"20":0,"21":3,"22":2,"23":2,"24":1,"25":1,"26":0,"27":0,"28":1,"29":1,"30":1,"31":1},"f":{"0":8,"1":0,"2":0,"3":1},"b":{"0":[8,1],"1":[8,8],"2":[1,7],"3":[0,7],"4":[3,4],"5":[2,1],"6":[3,3],"7":[2,1],"8":[3,1],"9":[0,1],"10":[1,0],"11":[1,0],"12":[1,0],"13":[1,0],"14":[1,0],"15":[1,0],"16":[1,0],"17":[1,0],"18":[1,0],"19":[1,0]},"_coverageSchema":"1a1c01bbd47fc00a2c39e90264f33305004495a9","hash":"accb4b9c00333761163d6078e54bd8716b0da3b9"}
,"C:\\Users\\mason\\git\\scurry\\src\\lib\\config.js": {"path":"C:\\Users\\mason\\git\\scurry\\src\\lib\\config.js","statementMap":{"0":{"start":{"line":7,"column":12},"end":{"line":7,"column":29}},"1":{"start":{"line":8,"column":2},"end":{"line":8,"column":50}},"2":{"start":{"line":8,"column":10},"end":{"line":8,"column":50}},"3":{"start":{"line":9,"column":2},"end":{"line":9,"column":11}},"4":{"start":{"line":12,"column":12},"end":{"line":19,"column":1}},"5":{"start":{"line":22,"column":2},"end":{"line":22,"column":64}},"6":{"start":{"line":25,"column":22},"end":{"line":25,"column":25}}},"fnMap":{"0":{"name":"need","decl":{"start":{"line":6,"column":9},"end":{"line":6,"column":13}},"loc":{"start":{"line":6,"column":20},"end":{"line":10,"column":1}},"line":6},"1":{"name":"readMamToken","decl":{"start":{"line":21,"column":16},"end":{"line":21,"column":28}},"loc":{"start":{"line":21,"column":31},"end":{"line":23,"column":1}},"line":21}},"branchMap":{"0":{"loc":{"start":{"line":8,"column":2},"end":{"line":8,"column":50}},"type":"if","locations":[{"start":{"line":8,"column":2},"end":{"line":8,"column":50}},{"start":{},"end":{}}],"line":8},"1":{"loc":{"start":{"line":13,"column":15},"end":{"line":13,"column":51}},"type":"binary-expr","locations":[{"start":{"line":13,"column":15},"end":{"line":13,"column":39}},{"start":{"line":13,"column":43},"end":{"line":13,"column":51}}],"line":13},"2":{"loc":{"start":{"line":15,"column":14},"end":{"line":15,"column":52}},"type":"binary-expr","locations":[{"start":{"line":15,"column":14},"end":{"line":15,"column":41}},{"start":{"line":15,"column":45},"end":{"line":15,"column":52}}],"line":15},"3":{"loc":{"start":{"line":16,"column":10},"end":{"line":16,"column":48}},"type":"binary-expr","locations":[{"start":{"line":16,"column":10},"end":{"line":16,"column":37}},{"start":{"line":16,"column":41},"end":{"line":16,"column":48}}],"line":16},"4":{"loc":{"start":{"line":17,"column":10},"end":{"line":17,"column":53}},"type":"binary-expr","locations":[{"start":{"line":17,"column":10},"end":{"line":17,"column":37}},{"start":{"line":17,"column":41},"end":{"line":17,"column":53}}],"line":17},"5":{"loc":{"start":{"line":18,"column":9},"end":{"line":18,"column":66}},"type":"binary-expr","locations":[{"start":{"line":18,"column":9},"end":{"line":18,"column":39}},{"start":{"line":18,"column":43},"end":{"line":18,"column":66}}],"line":18},"6":{"loc":{"start":{"line":22,"column":9},"end":{"line":22,"column":63}},"type":"binary-expr","locations":[{"start":{"line":22,"column":9},"end":{"line":22,"column":55}},{"start":{"line":22,"column":59},"end":{"line":22,"column":63}}],"line":22}},"s":{"0":2,"1":2,"2":0,"3":2,"4":2,"5":3,"6":2},"f":{"0":2,"1":3},"b":{"0":[0,2],"1":[2,0],"2":[2,0],"3":[2,0],"4":[2,0],"5":[2,0],"6":[3,1]},"_coverageSchema":"1a1c01bbd47fc00a2c39e90264f33305004495a9","hash":"254fd541ea1b2fafd33ac3d180a56c8cdde5e806"}
,"C:\\Users\\mason\\git\\scurry\\src\\lib\\constants.js": {"path":"C:\\Users\\mason\\git\\scurry\\src\\lib\\constants.js","statementMap":{"0":{"start":{"line":2,"column":24},"end":{"line":2,"column":54}},"1":{"start":{"line":5,"column":30},"end":{"line":5,"column":46}},"2":{"start":{"line":8,"column":29},"end":{"line":8,"column":93}},"3":{"start":{"line":11,"column":30},"end":{"line":14,"column":1}},"4":{"start":{"line":17,"column":38},"end":{"line":20,"column":1}},"5":{"start":{"line":23,"column":30},"end":{"line":23,"column":53}}},"fnMap":{},"branchMap":{},"s":{"0":6,"1":6,"2":6,"3":6,"4":6,"5":6},"f":{},"b":{},"_coverageSchema":"1a1c01bbd47fc00a2c39e90264f33305004495a9","hash":"993fd2d4da6dc9f7f71989e5d8250364e41d290c"}
,"C:\\Users\\mason\\git\\scurry\\src\\lib\\qbittorrent.js": {"path":"C:\\Users\\mason\\git\\scurry\\src\\lib\\qbittorrent.js","statementMap":{"0":{"start":{"line":5,"column":14},"end":{"line":5,"column":52}},"1":{"start":{"line":6,"column":14},"end":{"line":13,"column":4}},"2":{"start":{"line":14,"column":2},"end":{"line":17,"column":3}},"3":{"start":{"line":15,"column":17},"end":{"line":15,"column":33}},"4":{"start":{"line":16,"column":4},"end":{"line":16,"column":71}},"5":{"start":{"line":18,"column":20},"end":{"line":18,"column":55}},"6":{"start":{"line":19,"column":17},"end":{"line":19,"column":40}},"7":{"start":{"line":20,"column":2},"end":{"line":20,"column":78}},"8":{"start":{"line":20,"column":15},"end":{"line":20,"column":78}},"9":{"start":{"line":21,"column":2},"end":{"line":21,"column":16}},"10":{"start":{"line":26,"column":14},"end":{"line":26,"column":54}},"11":{"start":{"line":28,"column":15},"end":{"line":28,"column":36}},"12":{"start":{"line":30,"column":2},"end":{"line":30,"column":46}},"13":{"start":{"line":31,"column":2},"end":{"line":31,"column":48}},"14":{"start":{"line":33,"column":14},"end":{"line":41,"column":4}},"15":{"start":{"line":43,"column":2},"end":{"line":46,"column":3}},"16":{"start":{"line":44,"column":17},"end":{"line":44,"column":33}},"17":{"start":{"line":45,"column":4},"end":{"line":45,"column":69}},"18":{"start":{"line":47,"column":2},"end":{"line":47,"column":14}}},"fnMap":{"0":{"name":"qbLogin","decl":{"start":{"line":4,"column":22},"end":{"line":4,"column":29}},"loc":{"start":{"line":4,"column":59},"end":{"line":22,"column":1}},"line":4},"1":{"name":"qbAddUrl","decl":{"start":{"line":25,"column":22},"end":{"line":25,"column":30}},"loc":{"start":{"line":25,"column":70},"end":{"line":48,"column":1}},"line":25}},"branchMap":{"0":{"loc":{"start":{"line":14,"column":2},"end":{"line":17,"column":3}},"type":"if","locations":[{"start":{"line":14,"column":2},"end":{"line":17,"column":3}},{"start":{},"end":{}}],"line":14},"1":{"loc":{"start":{"line":18,"column":20},"end":{"line":18,"column":55}},"type":"binary-expr","locations":[{"start":{"line":18,"column":20},"end":{"line":18,"column":49}},{"start":{"line":18,"column":53},"end":{"line":18,"column":55}}],"line":18},"2":{"loc":{"start":{"line":20,"column":2},"end":{"line":20,"column":78}},"type":"if","locations":[{"start":{"line":20,"column":2},"end":{"line":20,"column":78}},{"start":{},"end":{}}],"line":20},"3":{"loc":{"start":{"line":43,"column":2},"end":{"line":46,"column":3}},"type":"if","locations":[{"start":{"line":43,"column":2},"end":{"line":46,"column":3}},{"start":{},"end":{}}],"line":43}},"s":{"0":3,"1":3,"2":3,"3":1,"4":1,"5":2,"6":2,"7":2,"8":1,"9":1,"10":2,"11":2,"12":2,"13":2,"14":2,"15":2,"16":1,"17":1,"18":1},"f":{"0":3,"1":2},"b":{"0":[1,2],"1":[2,1],"2":[1,1],"3":[1,1]},"_coverageSchema":"1a1c01bbd47fc00a2c39e90264f33305004495a9","hash":"ceb97a8989eb89976fc4f9782d60404102d770ea"}
,"C:\\Users\\mason\\git\\scurry\\src\\lib\\utilities.js": {"path":"C:\\Users\\mason\\git\\scurry\\src\\lib\\utilities.js","statementMap":{"0":{"start":{"line":9,"column":2},"end":{"line":20,"column":4}},"1":{"start":{"line":24,"column":2},"end":{"line":24,"column":49}},"2":{"start":{"line":24,"column":37},"end":{"line":24,"column":49}},"3":{"start":{"line":25,"column":2},"end":{"line":25,"column":46}},"4":{"start":{"line":29,"column":2},"end":{"line":29,"column":23}},"5":{"start":{"line":29,"column":11},"end":{"line":29,"column":23}},"6":{"start":{"line":30,"column":2},"end":{"line":30,"column":31}},"7":{"start":{"line":34,"column":2},"end":{"line":34,"column":44}},"8":{"start":{"line":34,"column":33},"end":{"line":34,"column":44}},"9":{"start":{"line":35,"column":2},"end":{"line":35,"column":62}},"10":{"start":{"line":39,"column":2},"end":{"line":45,"column":3}},"11":{"start":{"line":40,"column":19},"end":{"line":40,"column":49}},"12":{"start":{"line":41,"column":19},"end":{"line":41,"column":40}},"13":{"start":{"line":42,"column":4},"end":{"line":42,"column":48}},"14":{"start":{"line":44,"column":4},"end":{"line":44,"column":16}},"15":{"start":{"line":54,"column":2},"end":{"line":54,"column":56}},"16":{"start":{"line":54,"column":43},"end":{"line":54,"column":56}},"17":{"start":{"line":55,"column":18},"end":{"line":55,"column":30}},"18":{"start":{"line":57,"column":2},"end":{"line":57,"column":65}},"19":{"start":{"line":66,"column":2},"end":{"line":66,"column":53}},"20":{"start":{"line":66,"column":43},"end":{"line":66,"column":53}},"21":{"start":{"line":67,"column":18},"end":{"line":67,"column":30}},"22":{"start":{"line":68,"column":2},"end":{"line":68,"column":41}},"23":{"start":{"line":68,"column":28},"end":{"line":68,"column":41}},"24":{"start":{"line":69,"column":2},"end":{"line":69,"column":57}}},"fnMap":{"0":{"name":"buildPayload","decl":{"start":{"line":8,"column":16},"end":{"line":8,"column":28}},"loc":{"start":{"line":8,"column":67},"end":{"line":21,"column":1}},"line":8},"1":{"name":"buildMamDownloadUrl","decl":{"start":{"line":23,"column":16},"end":{"line":23,"column":35}},"loc":{"start":{"line":23,"column":40},"end":{"line":26,"column":1}},"line":23},"2":{"name":"buildMamTorrentUrl","decl":{"start":{"line":28,"column":16},"end":{"line":28,"column":34}},"loc":{"start":{"line":28,"column":39},"end":{"line":31,"column":1}},"line":28},"3":{"name":"formatNumberWithCommas","decl":{"start":{"line":33,"column":16},"end":{"line":33,"column":38}},"loc":{"start":{"line":33,"column":44},"end":{"line":36,"column":1}},"line":33},"4":{"name":"parseAuthorInfo","decl":{"start":{"line":38,"column":16},"end":{"line":38,"column":31}},"loc":{"start":{"line":38,"column":44},"end":{"line":46,"column":1}},"line":38},"5":{"name":"validateMamToken","decl":{"start":{"line":53,"column":16},"end":{"line":53,"column":32}},"loc":{"start":{"line":53,"column":40},"end":{"line":58,"column":1}},"line":53},"6":{"name":"maskToken","decl":{"start":{"line":65,"column":16},"end":{"line":65,"column":25}},"loc":{"start":{"line":65,"column":33},"end":{"line":70,"column":1}},"line":65}},"branchMap":{"0":{"loc":{"start":{"line":8,"column":32},"end":{"line":8,"column":65}},"type":"default-arg","locations":[{"start":{"line":8,"column":45},"end":{"line":8,"column":65}}],"line":8},"1":{"loc":{"start":{"line":24,"column":2},"end":{"line":24,"column":49}},"type":"if","locations":[{"start":{"line":24,"column":2},"end":{"line":24,"column":49}},{"start":{},"end":{}}],"line":24},"2":{"loc":{"start":{"line":24,"column":6},"end":{"line":24,"column":35}},"type":"binary-expr","locations":[{"start":{"line":24,"column":6},"end":{"line":24,"column":9}},{"start":{"line":24,"column":13},"end":{"line":24,"column":35}}],"line":24},"3":{"loc":{"start":{"line":29,"column":2},"end":{"line":29,"column":23}},"type":"if","locations":[{"start":{"line":29,"column":2},"end":{"line":29,"column":23}},{"start":{},"end":{}}],"line":29},"4":{"loc":{"start":{"line":34,"column":2},"end":{"line":34,"column":44}},"type":"if","locations":[{"start":{"line":34,"column":2},"end":{"line":34,"column":44}},{"start":{},"end":{}}],"line":34},"5":{"loc":{"start":{"line":34,"column":6},"end":{"line":34,"column":31}},"type":"binary-expr","locations":[{"start":{"line":34,"column":6},"end":{"line":34,"column":17}},{"start":{"line":34,"column":21},"end":{"line":34,"column":31}}],"line":34},"6":{"loc":{"start":{"line":40,"column":30},"end":{"line":40,"column":48}},"type":"binary-expr","locations":[{"start":{"line":40,"column":30},"end":{"line":40,"column":40}},{"start":{"line":40,"column":44},"end":{"line":40,"column":48}}],"line":40},"7":{"loc":{"start":{"line":42,"column":11},"end":{"line":42,"column":47}},"type":"cond-expr","locations":[{"start":{"line":42,"column":31},"end":{"line":42,"column":40}},{"start":{"line":42,"column":43},"end":{"line":42,"column":47}}],"line":42},"8":{"loc":{"start":{"line":54,"column":2},"end":{"line":54,"column":56}},"type":"if","locations":[{"start":{"line":54,"column":2},"end":{"line":54,"column":56}},{"start":{},"end":{}}],"line":54},"9":{"loc":{"start":{"line":54,"column":6},"end":{"line":54,"column":41}},"type":"binary-expr","locations":[{"start":{"line":54,"column":6},"end":{"line":54,"column":12}},{"start":{"line":54,"column":16},"end":{"line":54,"column":41}}],"line":54},"10":{"loc":{"start":{"line":57,"column":9},"end":{"line":57,"column":64}},"type":"binary-expr","locations":[{"start":{"line":57,"column":9},"end":{"line":57,"column":28}},{"start":{"line":57,"column":32},"end":{"line":57,"column":64}}],"line":57},"11":{"loc":{"start":{"line":66,"column":2},"end":{"line":66,"column":53}},"type":"if","locations":[{"start":{"line":66,"column":2},"end":{"line":66,"column":53}},{"start":{},"end":{}}],"line":66},"12":{"loc":{"start":{"line":66,"column":6},"end":{"line":66,"column":41}},"type":"binary-expr","locations":[{"start":{"line":66,"column":6},"end":{"line":66,"column":12}},{"start":{"line":66,"column":16},"end":{"line":66,"column":41}}],"line":66},"13":{"loc":{"start":{"line":68,"column":2},"end":{"line":68,"column":41}},"type":"if","locations":[{"start":{"line":68,"column":2},"end":{"line":68,"column":41}},{"start":{},"end":{}}],"line":68}},"s":{"0":8,"1":3,"2":1,"3":2,"4":4,"5":1,"6":3,"7":8,"8":2,"9":6,"10":5,"11":5,"12":4,"13":4,"14":1,"15":9,"16":3,"17":6,"18":6,"19":5,"20":3,"21":2,"22":2,"23":1,"24":1},"f":{"0":8,"1":3,"2":4,"3":8,"4":5,"5":9,"6":5},"b":{"0":[1],"1":[1,2],"2":[3,2],"3":[1,3],"4":[2,6],"5":[8,7],"6":[5,1],"7":[2,2],"8":[3,6],"9":[9,6],"10":[6,3],"11":[3,2],"12":[5,2],"13":[1,1]},"_coverageSchema":"1a1c01bbd47fc00a2c39e90264f33305004495a9","hash":"e88493c54f18d53dbca41d0ae2afc3a7cb92ba07"}
}
