TN:
SF:middleware.js
FN:6,middleware
FN:9,(anonymous_1)
FNF:2
FNH:2
FNDA:10,middleware
FNDA:40,(anonymous_1)
DA:7,10
DA:9,40
DA:10,5
DA:13,5
DA:14,1
DA:16,4
DA:17,4
DA:18,3
DA:19,3
DA:21,3
DA:23,3
DA:24,2
DA:25,2
DA:27,3
DA:29,1
DA:32,1
LF:16
LH:16
BRDA:9,0,0,5
BRDA:9,0,1,5
BRDA:13,1,0,1
BRDA:13,1,1,4
BRDA:17,2,0,3
BRDA:17,2,1,1
BRDA:23,3,0,2
BRDA:23,3,1,1
BRDA:23,4,0,3
BRDA:23,4,1,2
BRF:10
BRH:10
end_of_record
TN:
SF:app\api\add\route.js
FN:8,POST
FNF:1
FNH:1
FNDA:3,POST
DA:5,1
DA:6,1
DA:9,3
DA:10,3
DA:11,3
DA:12,3
DA:13,3
DA:14,1
DA:16,2
DA:17,2
DA:19,2
DA:20,1
DA:21,1
DA:23,1
DA:24,1
LF:15
LH:15
BRDA:12,0,0,3
BRDA:12,0,1,1
BRDA:13,1,0,1
BRDA:13,1,1,2
BRDA:23,2,0,1
BRDA:23,2,1,0
BRDA:24,3,0,1
BRDA:24,3,1,0
BRF:8
BRH:6
end_of_record
TN:
SF:app\api\health\route.js
FN:2,GET
FNF:1
FNH:1
FNDA:1,GET
DA:3,1
LF:1
LH:1
BRF:0
BRH:0
end_of_record
TN:
SF:app\api\login\route.js
FN:8,POST
FNF:1
FNH:1
FNDA:3,POST
DA:6,1
DA:9,3
DA:10,3
DA:11,1
DA:13,2
DA:14,1
DA:17,1
DA:18,1
DA:25,1
LF:9
LH:9
BRDA:10,0,0,1
BRDA:10,0,1,2
BRDA:13,1,0,1
BRDA:13,1,1,1
BRF:4
BRH:4
end_of_record
TN:
SF:app\api\logout\route.js
FN:6,POST
FNF:1
FNH:1
FNDA:1,POST
DA:7,1
DA:8,1
DA:15,1
LF:3
LH:3
BRF:0
BRH:0
end_of_record
TN:
SF:app\api\mam-token\route.js
FN:11,GET
FN:50,POST
FN:109,DELETE
FNF:3
FNH:3
FNDA:3,GET
FNDA:4,POST
FNDA:2,DELETE
DA:7,1
DA:8,1
DA:12,3
DA:13,3
DA:15,2
DA:16,1
DA:23,1
DA:26,1
DA:30,1
DA:37,1
DA:38,1
DA:51,4
DA:52,4
DA:53,4
DA:55,4
DA:56,1
DA:62,3
DA:64,3
DA:65,1
DA:72,2
DA:73,1
DA:83,1
DA:84,1
DA:85,0
DA:89,1
DA:91,1
DA:93,1
DA:100,0
DA:101,0
DA:110,2
DA:111,2
DA:112,1
DA:113,1
DA:116,2
DA:122,0
DA:123,0
LF:36
LH:31
BRDA:15,0,0,1
BRDA:15,0,1,1
BRDA:26,1,0,1
BRDA:26,1,1,0
BRDA:28,2,0,0
BRDA:28,2,1,0
BRDA:55,3,0,1
BRDA:55,3,1,3
BRDA:55,4,0,4
BRDA:55,4,1,3
BRDA:64,5,0,1
BRDA:64,5,1,2
BRDA:72,6,0,1
BRDA:72,6,1,1
BRDA:84,7,0,0
BRDA:84,7,1,1
BRDA:111,8,0,1
BRDA:111,8,1,1
BRF:18
BRH:14
end_of_record
TN:
SF:app\api\search\route.js
FN:9,GET
FN:35,(anonymous_1)
FN:61,(anonymous_2)
FN:83,(anonymous_3)
FNF:4
FNH:2
FNDA:8,GET
FNDA:0,(anonymous_1)
FNDA:0,(anonymous_2)
FNDA:1,(anonymous_3)
DA:6,1
DA:7,1
DA:10,8
DA:11,8
DA:12,8
DA:14,8
DA:17,7
DA:19,7
DA:21,7
DA:34,7
DA:35,3
DA:38,3
DA:39,2
DA:40,2
DA:50,1
DA:57,4
DA:58,4
DA:61,3
DA:62,3
DA:63,2
DA:64,2
DA:73,1
DA:77,1
DA:78,0
DA:79,0
DA:83,1
DA:99,1
DA:101,1
LF:28
LH:26
BRDA:11,0,0,8
BRDA:11,0,1,1
BRDA:12,1,0,8
BRDA:12,1,1,8
BRDA:14,2,0,1
BRDA:14,2,1,7
BRDA:17,3,0,0
BRDA:17,3,1,7
BRDA:34,4,0,3
BRDA:34,4,1,4
BRDA:38,5,0,2
BRDA:38,5,1,1
BRDA:38,6,0,3
BRDA:38,6,1,3
BRDA:62,7,0,2
BRDA:62,7,1,1
BRDA:62,8,0,3
BRDA:62,8,1,1
BRDA:77,9,0,0
BRDA:77,9,1,1
BRDA:84,10,0,1
BRDA:84,10,1,0
BRDA:85,11,0,1
BRDA:85,11,1,0
BRDA:86,12,0,1
BRDA:86,12,1,0
BRDA:87,13,0,1
BRDA:87,13,1,0
BRDA:88,14,0,1
BRDA:88,14,1,0
BRDA:92,15,0,1
BRDA:92,15,1,0
BRDA:93,16,0,1
BRDA:93,16,1,0
BRDA:94,17,0,1
BRDA:94,17,1,0
BRDA:95,18,0,1
BRDA:95,18,1,0
BRDA:96,19,0,1
BRDA:96,19,1,0
BRF:40
BRH:28
end_of_record
TN:
SF:src\lib\config.js
FN:6,need
FN:21,readMamToken
FNF:2
FNH:2
FNDA:2,need
FNDA:3,readMamToken
DA:7,2
DA:8,2
DA:9,2
DA:12,2
DA:22,3
DA:25,2
LF:6
LH:6
BRDA:8,0,0,0
BRDA:8,0,1,2
BRDA:13,1,0,2
BRDA:13,1,1,0
BRDA:15,2,0,2
BRDA:15,2,1,0
BRDA:16,3,0,2
BRDA:16,3,1,0
BRDA:17,4,0,2
BRDA:17,4,1,0
BRDA:18,5,0,2
BRDA:18,5,1,0
BRDA:22,6,0,3
BRDA:22,6,1,1
BRF:14
BRH:8
end_of_record
TN:
SF:src\lib\constants.js
FNF:0
FNH:0
DA:2,6
DA:5,6
DA:8,6
DA:11,6
DA:17,6
DA:23,6
LF:6
LH:6
BRF:0
BRH:0
end_of_record
TN:
SF:src\lib\qbittorrent.js
FN:4,qbLogin
FN:25,qbAddUrl
FNF:2
FNH:2
FNDA:3,qbLogin
FNDA:2,qbAddUrl
DA:5,3
DA:6,3
DA:14,3
DA:15,1
DA:16,1
DA:18,2
DA:19,2
DA:20,2
DA:21,1
DA:26,2
DA:28,2
DA:30,2
DA:31,2
DA:33,2
DA:43,2
DA:44,1
DA:45,1
DA:47,1
LF:18
LH:18
BRDA:14,0,0,1
BRDA:14,0,1,2
BRDA:18,1,0,2
BRDA:18,1,1,1
BRDA:20,2,0,1
BRDA:20,2,1,1
BRDA:43,3,0,1
BRDA:43,3,1,1
BRF:8
BRH:8
end_of_record
TN:
SF:src\lib\utilities.js
FN:8,buildPayload
FN:23,buildMamDownloadUrl
FN:28,buildMamTorrentUrl
FN:33,formatNumberWithCommas
FN:38,parseAuthorInfo
FN:53,validateMamToken
FN:65,maskToken
FNF:7
FNH:7
FNDA:8,buildPayload
FNDA:3,buildMamDownloadUrl
FNDA:4,buildMamTorrentUrl
FNDA:8,formatNumberWithCommas
FNDA:5,parseAuthorInfo
FNDA:9,validateMamToken
FNDA:5,maskToken
DA:9,8
DA:24,3
DA:25,2
DA:29,4
DA:30,3
DA:34,8
DA:35,6
DA:39,5
DA:40,5
DA:41,4
DA:42,4
DA:44,1
DA:54,9
DA:55,6
DA:57,6
DA:66,5
DA:67,2
DA:68,2
DA:69,1
LF:19
LH:19
BRDA:8,0,0,1
BRDA:24,1,0,1
BRDA:24,1,1,2
BRDA:24,2,0,3
BRDA:24,2,1,2
BRDA:29,3,0,1
BRDA:29,3,1,3
BRDA:34,4,0,2
BRDA:34,4,1,6
BRDA:34,5,0,8
BRDA:34,5,1,7
BRDA:40,6,0,5
BRDA:40,6,1,1
BRDA:42,7,0,2
BRDA:42,7,1,2
BRDA:54,8,0,3
BRDA:54,8,1,6
BRDA:54,9,0,9
BRDA:54,9,1,6
BRDA:57,10,0,6
BRDA:57,10,1,3
BRDA:66,11,0,3
BRDA:66,11,1,2
BRDA:66,12,0,5
BRDA:66,12,1,2
BRDA:68,13,0,1
BRDA:68,13,1,1
BRF:27
BRH:27
end_of_record
